<?xml version="1.0" encoding="UTF-8"?>
<!-- Generated by org.testng.reporters.JUnitReportReporter -->
<testsuite name="com.course.cases.GetUserInfoCaseTest" tests="1" time="0.000" ignored="0" failures="0" timestamp="22 Jul 2019 09:10:53 GMT" skipped="1" hostname="SO3TWRAOCIOIH8K" errors="0">
  <testcase name="getUserInfoCaseTest" time="0.000" classname="com.course.cases.GetUserInfoCaseTest">
    <skipped/>
  </testcase> <!-- getUserInfoCaseTest -->
</testsuite> <!-- com.course.cases.GetUserInfoCaseTest -->
