<?xml version="1.0" encoding="UTF-8"?>
<!-- Generated by org.testng.reporters.JUnitReportReporter -->
<testsuite name="com.course.cases.UpdateUserInfoCaseTest" tests="2" time="0.000" ignored="0" failures="0" timestamp="22 Jul 2019 09:10:53 GMT" skipped="2" hostname="SO3TWRAOCIOIH8K" errors="0">
  <testcase name="deleteUserTest" time="0.000" classname="com.course.cases.UpdateUserInfoCaseTest">
    <skipped/>
  </testcase> <!-- deleteUserTest -->
  <testcase name="updateUserInfoCaseTest" time="0.000" classname="com.course.cases.UpdateUserInfoCaseTest">
    <skipped/>
  </testcase> <!-- updateUserInfoCaseTest -->
</testsuite> <!-- com.course.cases.UpdateUserInfoCaseTest -->
