<?xml version="1.0" encoding="UTF-8"?>
<!-- Generated by org.testng.reporters.JUnitReportReporter -->
<testsuite name="com.course.cases.GetUserListCaseTest" tests="1" time="0.000" ignored="0" failures="0" timestamp="22 Jul 2019 09:10:53 GMT" skipped="1" hostname="SO3TWRAOCIOIH8K" errors="0">
  <testcase name="getUserListCaseTest" time="0.000" classname="com.course.cases.GetUserListCaseTest">
    <skipped/>
  </testcase> <!-- getUserListCaseTest -->
</testsuite> <!-- com.course.cases.GetUserListCaseTest -->
